<?xml version="1.0" encoding="UTF-8"?>
<testng-results skipped="0" failed="0" total="1" passed="1">
  <reporter-output>
  </reporter-output>
  <suite name="Default suite" duration-ms="54902" started-at="2021-11-30T12:04:25Z" finished-at="2021-11-30T12:05:20Z">
    <groups>
    </groups>
    <test name="Default test" duration-ms="54902" started-at="2021-11-30T12:04:25Z" finished-at="2021-11-30T12:05:20Z">
      <class name="Webapp.BeatBlip.TS004_Automateclick">
        <test-method status="PASS" signature="setupwebpage()[pri:0, instance:Webapp.BeatBlip.TS004_Automateclick@6108b2d7]" name="setupwebpage" is-config="true" duration-ms="23527" started-at="2021-11-30T17:34:25Z" finished-at="2021-11-30T17:34:49Z">
          <reporter-output>
          </reporter-output>
        </test-method> <!-- setupwebpage -->
        <test-method status="PASS" signature="deleteprojectscript()[pri:0, instance:Webapp.BeatBlip.TS004_Automateclick@6108b2d7]" name="deleteprojectscript" duration-ms="31348" started-at="2021-11-30T17:34:49Z" finished-at="2021-11-30T17:35:20Z">
          <reporter-output>
          </reporter-output>
        </test-method> <!-- deleteprojectscript -->
      </class> <!-- Webapp.BeatBlip.TS004_Automateclick -->
    </test> <!-- Default test -->
  </suite> <!-- Default suite -->
</testng-results>
